[92mINFO: [0m2024/06/23 15:00:25 [/Users/vladislav/GolandProjects/auth-microservice/cmd/main.go:57] {} 
[91mERROR: [0m2024/06/23 15:00:34 [ERROR] failed to create user: pq: INSERT has more target columns than expressions
[92mINFO: [0m2024/06/23 15:01:46 [/Users/vladislav/GolandProjects/auth-microservice/cmd/main.go:57] {} 
[91mERROR: [0m2024/06/23 15:01:47 [ERROR] failed to create user: pq: INSERT has more target columns than expressions
[92mINFO: [0m2024/06/23 15:02:57 [/Users/vladislav/GolandProjects/auth-microservice/cmd/main.go:57] {} 
[91mERROR: [0m2024/06/23 15:03:01 [ERROR] failed to create user: pq: INSERT has more target columns than expressions
[92mINFO: [0m2024/06/23 15:04:01 [/Users/vladislav/GolandProjects/auth-microservice/cmd/main.go:57] {} 
[91mERROR: [0m2024/06/23 15:04:14 [ERROR] failed to create cipher | block: crypto/aes: invalid key size 48
[92mINFO: [0m2024/06/23 15:05:58 [/Users/vladislav/GolandProjects/auth-microservice/cmd/main.go:57] {} 
[91mERROR: [0m2024/06/23 15:06:02 [ERROR] failed to find user: sql: Scan error on column index 4, name "google_auth_secret": converting NULL to string is unsupported
[92mINFO: [0m2024/06/23 15:13:01 [/Users/vladislav/GolandProjects/auth-microservice/cmd/main.go:57] {} 
[91mERROR: [0m2024/06/23 15:13:07 [ERROR] failed to find user: sql: Scan error on column index 4, name "google_auth_secret": converting NULL to string is unsupported
[92mINFO: [0m2024/06/23 15:16:15 [/Users/vladislav/GolandProjects/auth-microservice/cmd/main.go:57] {} 
[91mERROR: [0m2024/06/23 15:16:19 [ERROR] failed to find user: scannable dest type ptr with >1 columns (7) in result
[92mINFO: [0m2024/06/23 17:52:10 google.go:35: Initiating Google login 
[92mINFO: [0m2024/06/23 17:52:10 google.go:37: Redirecting to:  https://accounts.google.com/o/oauth2/auth?client_id=779193142359-kt24huk2vms73uo7gode064s44r0um4u.apps.googleusercontent.com&redirect_uri=http%3A%2F%2Flocalhost%3A5050%2Fauth%2Fgoogle%2Fcallback&response_type=code&scope=https%3A%2F%2Fwww.googleapis.com%2Fauth%2Fuserinfo.email+https%3A%2F%2Fwww.googleapis.com%2Fauth%2Fphotoslibrary.readonly&state=randomstate 
[92mINFO: [0m2024/06/23 17:55:18 google.go:38: Initiating Google login 
[92mINFO: [0m2024/06/23 17:55:18 google.go:41: Redirecting to:  https://accounts.google.com/o/oauth2/auth?access_type=offline&client_id=779193142359-kt24huk2vms73uo7gode064s44r0um4u.apps.googleusercontent.com&prompt=consent&redirect_uri=http%3A%2F%2Flocalhost%3A5050%2Fauth%2Fgoogle%2Fcallback&response_type=code&scope=https%3A%2F%2Fwww.googleapis.com%2Fauth%2Fuserinfo.email+https%3A%2F%2Fwww.googleapis.com%2Fauth%2Fphotoslibrary.readonly&state=ScsLOB33ziTwV8kpo4raSA%3D%3D 
[92mINFO: [0m2024/06/23 17:56:31 google.go:38: Initiating Google login 
[92mINFO: [0m2024/06/23 17:56:31 google.go:41: Redirecting to:  https://accounts.google.com/o/oauth2/auth?access_type=offline&client_id=779193142359-kt24huk2vms73uo7gode064s44r0um4u.apps.googleusercontent.com&prompt=consent&redirect_uri=http%3A%2F%2Flocalhost%3A5050%2Fauth%2Fgoogle%2Fcallback&response_type=code&scope=https%3A%2F%2Fwww.googleapis.com%2Fauth%2Fuserinfo.email+https%3A%2F%2Fwww.googleapis.com%2Fauth%2Fphotoslibrary.readonly&state=xpg-rNyD1fLS0vD1OseElQ%3D%3D 
[92mINFO: [0m2024/06/23 17:58:40 google.go:38: Initiating Google login 
[92mINFO: [0m2024/06/23 17:58:40 google.go:41: Redirecting to:  https://accounts.google.com/o/oauth2/auth?access_type=offline&client_id=779193142359-kt24huk2vms73uo7gode064s44r0um4u.apps.googleusercontent.com&prompt=consent&redirect_uri=http%3A%2F%2Flocalhost%3A5050%2Fapi%2Fauth%2Fsocial%2Fgoogle%2Fcallback&response_type=code&scope=https%3A%2F%2Fwww.googleapis.com%2Fauth%2Fuserinfo.email+https%3A%2F%2Fwww.googleapis.com%2Fauth%2Fphotoslibrary.readonly&state=CBmSCBzxhzSae5aIU0Qegg%3D%3D 
[92mINFO: [0m2024/06/23 18:02:43 google.go:38: Initiating Google login 
[92mINFO: [0m2024/06/23 18:02:43 google.go:41: Redirecting to:  https://accounts.google.com/o/oauth2/auth?access_type=offline&client_id=779193142359-kt24huk2vms73uo7gode064s44r0um4u.apps.googleusercontent.com&prompt=consent&redirect_uri=http%3A%2F%2Flocalhost%3A5050%2Fapi%2Fauth%2Fsocial%2Fgoogle%2Fcallback&response_type=code&scope=https%3A%2F%2Fwww.googleapis.com%2Fauth%2Fuserinfo.email+https%3A%2F%2Fwww.googleapis.com%2Fauth%2Fphotoslibrary.readonly&state=n0bGu0WzwbMKpiEt7N5Kxw%3D%3D 
[92mINFO: [0m2024/06/23 18:04:08 google.go:37: Initiating Google login 
[92mINFO: [0m2024/06/23 18:04:08 google.go:40: Redirecting to:  https://accounts.google.com/o/oauth2/auth?client_id=779193142359-kt24huk2vms73uo7gode064s44r0um4u.apps.googleusercontent.com&redirect_uri=http%3A%2F%2Flocalhost%3A5050%2Fapi%2Fauth%2Fsocial%2Fgoogle%2Fcallback&response_type=code&scope=https%3A%2F%2Fwww.googleapis.com%2Fauth%2Fuserinfo.email+https%3A%2F%2Fwww.googleapis.com%2Fauth%2Fphotoslibrary.readonly&state=HAZPEzXNNuKXmUKB4gmhSg%3D%3D 
[92mINFO: [0m2024/06/23 18:05:38 google.go:37: Initiating Google login 
[92mINFO: [0m2024/06/23 18:05:38 google.go:40: Redirecting to:  https://accounts.google.com/o/oauth2/auth?client_id=779193142359-kt24huk2vms73uo7gode064s44r0um4u.apps.googleusercontent.com&redirect_uri=http%3A%2F%2Flocalhost%3A5050%2Fapi%2Fauth%2Fsocial%2Fgoogle%2Fcallback&response_type=code&scope=https%3A%2F%2Fwww.googleapis.com%2Fauth%2Fuserinfo.email+https%3A%2F%2Fwww.googleapis.com%2Fauth%2Fphotoslibrary.readonly&state=YC-y4eu_LlGRHTBbnN_X2g%3D%3D 
[92mINFO: [0m2024/06/23 18:07:49 google.go:37: Initiating Google login 
[92mINFO: [0m2024/06/23 18:07:49 google.go:40: Redirecting to:  https://accounts.google.com/o/oauth2/auth?client_id=779193142359-kt24huk2vms73uo7gode064s44r0um4u.apps.googleusercontent.com&redirect_uri=http%3A%2F%2Flocalhost%3A5050%2Fapi%2Fauth%2Fsocial%2Fgoogle%2Fcallback&response_type=code&scope=https%3A%2F%2Fwww.googleapis.com%2Fauth%2Fuserinfo.email+https%3A%2F%2Fwww.googleapis.com%2Fauth%2Fphotoslibrary.readonly&state=aorN9iEMYYOchobvEpr_2Q%3D%3D 
[92mINFO: [0m2024/06/23 18:07:58 google.go:37: Initiating Google login 
[92mINFO: [0m2024/06/23 18:07:58 google.go:40: Redirecting to:  https://accounts.google.com/o/oauth2/auth?client_id=779193142359-kt24huk2vms73uo7gode064s44r0um4u.apps.googleusercontent.com&redirect_uri=http%3A%2F%2Flocalhost%3A5050%2Fapi%2Fauth%2Fsocial%2Fgoogle%2Fcallback&response_type=code&scope=https%3A%2F%2Fwww.googleapis.com%2Fauth%2Fuserinfo.email+https%3A%2F%2Fwww.googleapis.com%2Fauth%2Fphotoslibrary.readonly&state=E-4nMskMuvHs6VVK2Z3qaQ%3D%3D 
[92mINFO: [0m2024/06/23 18:08:35 google.go:37: Initiating Google login 
[92mINFO: [0m2024/06/23 18:08:35 google.go:40: Redirecting to:  https://accounts.google.com/o/oauth2/auth?client_id=779193142359-kt24huk2vms73uo7gode064s44r0um4u.apps.googleusercontent.com&redirect_uri=http%3A%2F%2Flocalhost%3A5050%2Fapi%2Fgoogle%2Fcallback&response_type=code&scope=https%3A%2F%2Fwww.googleapis.com%2Fauth%2Fuserinfo.email+https%3A%2F%2Fwww.googleapis.com%2Fauth%2Fphotoslibrary.readonly&state=CqbuOLZbfiklhtXIGdCofg%3D%3D 
[92mINFO: [0m2024/06/23 18:10:59 google.go:37: Initiating Google login 
[92mINFO: [0m2024/06/23 18:10:59 google.go:40: Redirecting to:  https://accounts.google.com/o/oauth2/auth?client_id=779193142359-kt24huk2vms73uo7gode064s44r0um4u.apps.googleusercontent.com&redirect_uri=http%3A%2F%2Flocalhost%3A5050%2Fapi%2Fgoogle%2Fcallback&response_type=code&scope=https%3A%2F%2Fwww.googleapis.com%2Fauth%2Fuserinfo.email+https%3A%2F%2Fwww.googleapis.com%2Fauth%2Fphotoslibrary.readonly&state=_yFTHtMxh2kbE71uyqABLQ%3D%3D 
[92mINFO: [0m2024/06/23 18:16:59 google.go:37: Initiating Google login 
[92mINFO: [0m2024/06/23 18:16:59 google.go:40: Redirecting to:  https://accounts.google.com/o/oauth2/auth?client_id=779193142359-kt24huk2vms73uo7gode064s44r0um4u.apps.googleusercontent.com&redirect_uri=http%3A%2F%2Flocalhost%3A5050%2Fapi%2Fgoogle%2Fcallback&response_type=code&scope=https%3A%2F%2Fwww.googleapis.com%2Fauth%2Fuserinfo.email+https%3A%2F%2Fwww.googleapis.com%2Fauth%2Fphotoslibrary.readonly&state=NDNU08usenJki1YVmIuP2w%3D%3D 
[92mINFO: [0m2024/06/23 18:21:49 google.go:37: Initiating Google login 
[92mINFO: [0m2024/06/23 18:21:49 google.go:40: Redirecting to:  https://accounts.google.com/o/oauth2/auth?client_id=779193142359-kt24huk2vms73uo7gode064s44r0um4u.apps.googleusercontent.com&redirect_uri=http%3A%2F%2Flocalhost%3A5050%2Fapi%2Fgoogle%2Fcallback&response_type=code&scope=https%3A%2F%2Fwww.googleapis.com%2Fauth%2Fuserinfo.email+https%3A%2F%2Fwww.googleapis.com%2Fauth%2Fphotoslibrary.readonly&state=O6LV-n90T7u4yeQeXPyiqw%3D%3D 
[92mINFO: [0m2024/06/23 18:29:09 google.go:38: Initiating Google login 
[92mINFO: [0m2024/06/23 18:29:09 google.go:41: Redirecting to:  https://accounts.google.com/o/oauth2/auth?access_type=offline&client_id=779193142359-kt24huk2vms73uo7gode064s44r0um4u.apps.googleusercontent.com&prompt=consent&redirect_uri=http%3A%2F%2Flocalhost%3A5050%2Fapi%2Fgoogle%2Fcallback&response_type=code&scope=https%3A%2F%2Fwww.googleapis.com%2Fauth%2Fuserinfo.email+https%3A%2F%2Fwww.googleapis.com%2Fauth%2Fphotoslibrary.readonly&state=93DKVIvxYlD8uQAi0cVQSA%3D%3D 
[92mINFO: [0m2024/06/23 18:31:14 google.go:38: Initiating Google login 
[92mINFO: [0m2024/06/23 18:31:14 google.go:41: Redirecting to:  https://accounts.google.com/o/oauth2/auth?access_type=offline&client_id=779193142359-kt24huk2vms73uo7gode064s44r0um4u.apps.googleusercontent.com&prompt=consent&redirect_uri=http%3A%2F%2Flocalhost%3A5050%2Fapi%2Fgoogle%2Fcallback&response_type=code&scope=https%3A%2F%2Fwww.googleapis.com%2Fauth%2Fuserinfo.email+https%3A%2F%2Fwww.googleapis.com%2Fauth%2Fphotoslibrary.readonly&state=pd1rTn15ABT60qdZIiY84A%3D%3D 
[92mINFO: [0m2024/06/23 18:31:24 google.go:38: Initiating Google login 
[92mINFO: [0m2024/06/23 18:31:24 google.go:41: Redirecting to:  https://accounts.google.com/o/oauth2/auth?access_type=offline&client_id=779193142359-kt24huk2vms73uo7gode064s44r0um4u.apps.googleusercontent.com&prompt=consent&redirect_uri=http%3A%2F%2Flocalhost%3A5050%2Fapi%2Fgoogle%2Fcallback&response_type=code&scope=https%3A%2F%2Fwww.googleapis.com%2Fauth%2Fuserinfo.email+https%3A%2F%2Fwww.googleapis.com%2Fauth%2Fphotoslibrary.readonly&state=LtBldozezjsLcL-1NsJY0w%3D%3D 
[92mINFO: [0m2024/06/23 18:33:37 google.go:38: Initiating Google login 
[92mINFO: [0m2024/06/23 18:33:37 google.go:41: Redirecting to:  https://accounts.google.com/o/oauth2/auth?access_type=offline&client_id=779193142359-kt24huk2vms73uo7gode064s44r0um4u.apps.googleusercontent.com&prompt=consent&redirect_uri=http%3A%2F%2Flocalhost%3A5050%2Fapi%2Fgoogle%2Fcallback&response_type=code&scope=https%3A%2F%2Fwww.googleapis.com%2Fauth%2Fuserinfo.email+https%3A%2F%2Fwww.googleapis.com%2Fauth%2Fphotoslibrary.readonly&state=Ky_q53IR2Jo09iFVDiojmw%3D%3D 
[92mINFO: [0m2024/06/23 18:33:43 google.go:38: Initiating Google login 
[92mINFO: [0m2024/06/23 18:33:43 google.go:41: Redirecting to:  https://accounts.google.com/o/oauth2/auth?access_type=offline&client_id=779193142359-kt24huk2vms73uo7gode064s44r0um4u.apps.googleusercontent.com&prompt=consent&redirect_uri=http%3A%2F%2Flocalhost%3A5050%2Fapi%2Fgoogle%2Fcallback&response_type=code&scope=https%3A%2F%2Fwww.googleapis.com%2Fauth%2Fuserinfo.email+https%3A%2F%2Fwww.googleapis.com%2Fauth%2Fphotoslibrary.readonly&state=twb8QlzXpcrZTDvP9RpuKQ%3D%3D 
[92mINFO: [0m2024/06/23 18:35:27 google.go:38: Initiating Google login 
[92mINFO: [0m2024/06/23 18:35:27 google.go:41: Redirecting to:  https://accounts.google.com/o/oauth2/auth?access_type=offline&client_id=779193142359-kt24huk2vms73uo7gode064s44r0um4u.apps.googleusercontent.com&prompt=consent&redirect_uri=http%3A%2F%2Flocalhost%3A5050%2Fapi%2Fgoogle%2Fcallback&response_type=code&scope=https%3A%2F%2Fwww.googleapis.com%2Fauth%2Fuserinfo.email+https%3A%2F%2Fwww.googleapis.com%2Fauth%2Fphotoslibrary.readonly&state=9ycIQg8XnT7866EFJgbchA%3D%3D 
[92mINFO: [0m2024/06/23 18:35:33 google.go:38: Initiating Google login 
[92mINFO: [0m2024/06/23 18:35:33 google.go:41: Redirecting to:  https://accounts.google.com/o/oauth2/auth?access_type=offline&client_id=779193142359-kt24huk2vms73uo7gode064s44r0um4u.apps.googleusercontent.com&prompt=consent&redirect_uri=http%3A%2F%2Flocalhost%3A5050%2Fapi%2Fgoogle%2Fcallback&response_type=code&scope=https%3A%2F%2Fwww.googleapis.com%2Fauth%2Fuserinfo.email+https%3A%2F%2Fwww.googleapis.com%2Fauth%2Fphotoslibrary.readonly&state=LtEmXPxrBkPW4IsdxJIlgw%3D%3D 
[92mINFO: [0m2024/06/23 18:37:32 google.go:38: Initiating Google login 
[92mINFO: [0m2024/06/23 18:37:32 google.go:41: Redirecting to:  https://accounts.google.com/o/oauth2/auth?access_type=offline&client_id=779193142359-kt24huk2vms73uo7gode064s44r0um4u.apps.googleusercontent.com&prompt=consent&redirect_uri=http%3A%2F%2Flocalhost%3A5050%2Fapi%2Fgoogle%2Fcallback&response_type=code&scope=https%3A%2F%2Fwww.googleapis.com%2Fauth%2Fuserinfo.email+https%3A%2F%2Fwww.googleapis.com%2Fauth%2Fphotoslibrary.readonly&state=LuufA0FwuYcZtACm8SUogQ%3D%3D 
[92mINFO: [0m2024/06/23 18:47:23 google.go:38: Initiating Google login 
[92mINFO: [0m2024/06/23 18:47:23 google.go:41: Redirecting to:  https://accounts.google.com/o/oauth2/auth?access_type=offline&client_id=779193142359-kt24huk2vms73uo7gode064s44r0um4u.apps.googleusercontent.com&prompt=consent&redirect_uri=http%3A%2F%2Flocalhost%3A5050%2Fapi%2Fgoogle%2Fcallback&response_type=code&scope=https%3A%2F%2Fwww.googleapis.com%2Fauth%2Fuserinfo.email+https%3A%2F%2Fwww.googleapis.com%2Fauth%2Fphotoslibrary.readonly&state=3vLLpRPzLbj3RDrzZ17wpA%3D%3D 
[92mINFO: [0m2024/06/23 18:48:54 google.go:38: Initiating Google login 
[92mINFO: [0m2024/06/23 18:48:54 google.go:41: Redirecting to:  https://accounts.google.com/o/oauth2/auth?access_type=offline&client_id=779193142359-kt24huk2vms73uo7gode064s44r0um4u.apps.googleusercontent.com&prompt=consent&redirect_uri=http%3A%2F%2Flocalhost%3A5050%2Fapi%2Fgoogle%2Fcallback&response_type=code&scope=https%3A%2F%2Fwww.googleapis.com%2Fauth%2Fuserinfo.email+https%3A%2F%2Fwww.googleapis.com%2Fauth%2Fphotoslibrary.readonly&state=lMBBOkKekiA3MGSJEkM7bA%3D%3D 
[92mINFO: [0m2024/06/23 18:49:10 google.go:38: Initiating Google login 
[92mINFO: [0m2024/06/23 18:49:10 google.go:41: Redirecting to:  https://accounts.google.com/o/oauth2/auth?access_type=offline&client_id=779193142359-kt24huk2vms73uo7gode064s44r0um4u.apps.googleusercontent.com&prompt=consent&redirect_uri=http%3A%2F%2Flocalhost%3A5050%2Fapi%2Fgoogle%2Fcallback&response_type=code&scope=https%3A%2F%2Fwww.googleapis.com%2Fauth%2Fuserinfo.email+https%3A%2F%2Fwww.googleapis.com%2Fauth%2Fphotoslibrary.readonly&state=NTUINyErrcy6hxax3h8ybw%3D%3D 
[92mINFO: [0m2024/06/23 18:50:15 google.go:87: User data fetched successfully 
[92mINFO: [0m2024/06/23 18:53:20 google.go:87: User data fetched successfully 
[92mINFO: [0m2024/06/23 18:53:39 google.go:87: User data fetched successfully 
[91mERROR: [0m2024/06/23 18:53:45 google.go:67: [ERROR] : oauth2: "invalid_grant" "Bad Request"
[92mINFO: [0m2024/06/23 18:54:03 google.go:38: Initiating Google login 
[92mINFO: [0m2024/06/23 18:54:03 google.go:41: Redirecting to:  https://accounts.google.com/o/oauth2/auth?access_type=offline&client_id=779193142359-kt24huk2vms73uo7gode064s44r0um4u.apps.googleusercontent.com&prompt=consent&redirect_uri=http%3A%2F%2Flocalhost%3A5050%2Fapi%2Fgoogle%2Fcallback&response_type=code&scope=https%3A%2F%2Fwww.googleapis.com%2Fauth%2Fuserinfo.email+https%3A%2F%2Fwww.googleapis.com%2Fauth%2Fphotoslibrary.readonly&state=qtoxWLRgWY-L_fHFp4AOUQ%3D%3D 
[92mINFO: [0m2024/06/23 18:54:15 google.go:87: User data fetched successfully 
[92mINFO: [0m2024/06/23 19:36:10 google.go:126: [123 10 32 32 34 105 100 34 58 32 34 49 48 56 56 54 49 54 56 50 52 48 54 57 54 57 53 55 55 54 53 52 34 44 10 32 32 34 101 109 97 105 108 34 58 32 34 118 108 97 100 105 115 108 97 118 46 118 101 114 98 105 116 115 107 121 46 116 114 64 103 109 97 105 108 46 99 111 109 34 44 10 32 32 34 118 101 114 105 102 105 101 100 95 101 109 97 105 108 34 58 32 116 114 117 101 44 10 32 32 34 110 97 109 101 34 58 32 34 86 108 97 100 105 115 108 97 118 32 86 101 114 98 105 116 115 107 121 34 44 10 32 32 34 103 105 118 101 110 95 110 97 109 101 34 58 32 34 86 108 97 100 105 115 108 97 118 34 44 10 32 32 34 102 97 109 105 108 121 95 110 97 109 101 34 58 32 34 86 101 114 98 105 116 115 107 121 34 44 10 32 32 34 112 105 99 116 117 114 101 34 58 32 34 104 116 116 112 115 58 47 47 108 104 51 46 103 111 111 103 108 101 117 115 101 114 99 111 110 116 101 110 116 46 99 111 109 47 97 47 65 67 103 56 111 99 75 82 90 77 52 78 119 48 55 111 69 84 99 111 118 103 90 89 67 95 52 97 84 66 122 98 106 66 83 81 105 109 118 107 88 102 104 115 55 78 78 53 97 106 106 106 121 73 52 61 115 57 54 45 99 34 10 125 10] 
[92mINFO: [0m2024/06/23 19:38:01 google.go:126: [123 10 32 32 34 105 100 34 58 32 34 49 48 56 56 54 49 54 56 50 52 48 54 57 54 57 53 55 55 54 53 52 34 44 10 32 32 34 101 109 97 105 108 34 58 32 34 118 108 97 100 105 115 108 97 118 46 118 101 114 98 105 116 115 107 121 46 116 114 64 103 109 97 105 108 46 99 111 109 34 44 10 32 32 34 118 101 114 105 102 105 101 100 95 101 109 97 105 108 34 58 32 116 114 117 101 44 10 32 32 34 110 97 109 101 34 58 32 34 86 108 97 100 105 115 108 97 118 32 86 101 114 98 105 116 115 107 121 34 44 10 32 32 34 103 105 118 101 110 95 110 97 109 101 34 58 32 34 86 108 97 100 105 115 108 97 118 34 44 10 32 32 34 102 97 109 105 108 121 95 110 97 109 101 34 58 32 34 86 101 114 98 105 116 115 107 121 34 44 10 32 32 34 112 105 99 116 117 114 101 34 58 32 34 104 116 116 112 115 58 47 47 108 104 51 46 103 111 111 103 108 101 117 115 101 114 99 111 110 116 101 110 116 46 99 111 109 47 97 47 65 67 103 56 111 99 75 82 90 77 52 78 119 48 55 111 69 84 99 111 118 103 90 89 67 95 52 97 84 66 122 98 106 66 83 81 105 109 118 107 88 102 104 115 55 78 78 53 97 106 106 106 121 73 52 61 115 57 54 45 99 34 10 125 10] 
[92mINFO: [0m2024/06/23 19:43:49 google.go:144: user {
  "id": "108861682406969577654",
  "email": "vladislav.verbitsky.tr@gmail.com",
  "verified_email": true,
  "name": "Vladislav Verbitsky",
  "given_name": "Vladislav",
  "family_name": "Verbitsky",
  "picture": "https://lh3.googleusercontent.com/a/ACg8ocKRZM4Nw07oETcovgZYC_4aTBzbjBSQimvkXfhs7NN5ajjjyI4=s96-c",
  "locale": ""
} 
[92mINFO: [0m2024/06/23 20:06:25 google.go:147: user {
  "id": "108861682406969577654",
  "email": "vladislav.verbitsky.tr@gmail.com",
  "verified_email": true,
  "name": "Vladislav Verbitsky",
  "given_name": "Vladislav",
  "family_name": "Verbitsky",
  "picture": "https://lh3.googleusercontent.com/a/ACg8ocKRZM4Nw07oETcovgZYC_4aTBzbjBSQimvkXfhs7NN5ajjjyI4=s96-c",
  "locale": ""
} 
